aadplal 326
aalfsgc 19
aautoud 483
absquup 388
aclupgs 336
acswvvg 383
adpvuwj 301
aegthej 264
aempnhp 412
aeqrumb 368
aetxvka 366
afppsij 328
agasvov 136
agtmsar 476
ahdqoxc 223
ahshsrk 375
aibwmhu 258
aicdkvx 93
airvscq 69
aixwhpb 349
ajeiots 290
ajfimla 165
ajjkxde 140
ajumfiu 482
akjfsrk 27
aletkhx 290
alrbgxd 173
anjdqeh 368
aofkmgw 315
apixxml 379
aqbocho 429
aqetjdo 39
aqtijno 487
aqwrbkp 32
arwnjmp 183
asaeuoj 110
atcuvgq 457
atebhgl 183
atunmos 458
atuxoiw 205
aupocsg 246
avjfoxi 231
axmrvuf 154
axqqtac 317
babosjf 410
bafvxaq 462
bahorfn 494
bccoevo 209
bcgvafr 140
bdbpceb 259
beagbhd 268
bednhrt 361
bexwufj 178
bfrrhwb 280
bgowqkh 386
bgtebls 458
bguvowp 402
bhfpnno 487
bixjcff 72
bjcflke 155
bjsplgk 461
bjtcfrn 160
bjwqxdg 19
bkasqkx 332
bkkgdwo 332
blgkikw 311
bltsxxu 21
bmadado 32
bnepapx 286
bnixieu 156
bnpsnox 281
boeuvrt 212
bofgjrk 220
boserno 446
bovlbns 371
bowueds 277
bowvqep 69
bpbaawx 387
bpgmgtd 18
bpgtbeh 425
bqnmgnc 509
bqqswwj 306
brhtixc 388
brubnfj 121
btcgctv 462
btdggwp 36
btppbjn 189
buexogi 176
buumvma 250
bvwhxfx 78
bwefose 107
bwlfihn 443
bxecnkg 372
cailpwb 296
cajgauf 215
cbeebxn 334
cbqlnmh 65
ccnijac 34
ccubqvf 36
ccvcrda 136
cfcrdee 480
cfkwwip 42
chfovej 109
cjfffiw 408
cjursgm 300
ckipnvl 267
cksfjbn 40
clplcuv 232
cmipvds 108
cmlxvkq 413
comxibi 61
covsvbh 163
cowwnws 16
cpxfaur 172
cqdfhli 191
cqmxdhc 314
crkqsoa 45
cslmgnd 153
csqlxdt 307
cturkea 193
cusbuds 308
cvfldnd 453
cwljsor 283
dadvsbc 57
danqpdf 448
dbpluwg 503
dcvaujj 167
ddedhib 394
ddiancm 10
ddibgmv 347
deakkat 232
dewpwpx 453
dfdmptn 100
dgmximb 352
dgphhab 169
dgrpucq 285
dgwrmfd 205
dhhnopg 367
diftebp 492
dkvikvr 120
dlbpgkk 106
dlulrkc 48
dmcebhc 492
dmcsuqe 397
dmiqsce 40
dopotsg 427
dpcfwda 438
dpdjfpt 82
dqrqjvc 16
drdckfp 385
dswfuad 258
dtpeodd 419
duibudw 474
dvbhiwo 290
dvhcwxf 439
dvwsetg 419
dwafoei 266
dwpurni 84
eanebix 328
eanecqb 122
eaolpmo 167
eaqpqix 187
eawjpcl 449
ebimkhe 421
ebqbieb 218
ecehjlh 458
ecsxalc 192
edxkqng 441
eecdxda 189
eeixqjj 369
eemhlbt 168
efihujn 30
efxgqkx 204
egpjmbn 217
ehmawnx 193
eieiuct 390
eijphvh 324
ejhjite 252
ejkhmlm 207
ejqdrin 449
ekfoklu 206
ekkvixp 53
ekmonnt 340
elnpuio 366
elqjccp 295
elredbq 444
elucmqx 266
encgeqi 324
encvgrx 132
enekuqa 163
engeusn 207
eolvcum 211
eortoda 249
eowbxjn 444
eowcdtr 263
eqfrera 498
eqkhcha 367
eribcph 461
erphhnx 62
ersptea 299
esgdgmu 56
esogwnq 251
etlhvhb 189
ettcpql 360
eukmdte 116
evlllnk 174
evqgtmi 340
ewlpxrl 418
exopcfp 27
faonxst 281
faulgsf 310
fbdccvd 381
fbtatol 312
fbuhega 341
fdjqdqi 158
fejmjxn 432
fejxjrk 417
ffkmhhh 447
fkbrdee 255
fllbgco 317
fmrxois 18
fmvhqxn 29
fngdaxq 151
fnqgjvt 35
fodrfmh 367
fopqsoe 96
fovvrcn 384
fpdxkfx 160
fpongje 228
fppxjtc 201
fpsibvr 421
fqbitai 180
frldfvr 372
fruebon 133
fruihok 502
fsbppwp 315
fskcnhu 432
fspqrka 361
ftcthmf 372
ftgdlki 493
ftimfqr 137
fulfxhb 445
furuupt 316
fvfcgcg 192
fvjwmgw 18
fvocedo 380
fvtkrjx 340
fwjlvog 187
fwpmoog 288
fxwxgic 188
gaclimx 377
gaetlps 146
gatciwp 438
gbdmows 104
gcbjlch 239
gctokkp 134
gcuruup 479
gdoexex 401
geivvgt 366
geuwugp 362
gfqfdgl 502
ggcxfjp 458
ggdnbve 294
ghcbaon 114
ghmrxjr 169
gholmdt 469
gihondo 258
gilfiin 259
giwpdio 420
gjvfdrk 87
gksfarr 205
gktlatt 28
glamugx 477
glfwfvx 69
gljqxjk 229
glwhngd 180
gmfqwqp 139
gncclnd 498
goeotep 234
gojoxri 185
gonmqlp 202
gouiohr 175
gpfmbjd 256
gqkpvne 21
gqprrkt 485
gqqtbuf 300
gqsjfdd 369
gqvhtcx 75
gragklp 159
gridusd 54
grnhrce 253
gtdsqla 388
gtvftkk 258
gubbljl 173
gufuiwa 293
gvctksg 174
gvefdku 68
gvnbuqf 434
gvrnmkr 119
gwbrepo 213
gwsicnl 67
gwtsqlj 398
haccdcl 37
haqmaho 124
haswehb 272
hbjfajn 251
hbrqltg 142
hbxawob 135
hdbrewe 288
hdnkljx 229
hdqrsdw 102
heguftu 171
hfbagfd 308
hfhwdtr 252
hfrrbmf 485
hggtujq 99
hgrates 352
hhpdxob 308
hhstmnt 138
hhwkjxb 482
hiictim 157
himwxnd 45
hjjooka 252
hjltpbv 231
hjukmql 250
hkvpsmd 50
hluuffv 266
hmfftos 283
hmldsjs 188
hmmmiqv 171
hnhvnrd 232
hntfqlw 320
hogrfwi 491
hojosam 474
hpgtuvu 474
hpqxrnw 133
hpxihoh 350
hqkfksx 20
hqttssb 315
hrqamal 336
hrvjcvq 44
hsklptr 425
hswgqmg 283
huaxhla 178
huspvwk 453
hvmvukt 474
hvoebmd 480
hvoiatu 344
hxffeps 19
hxoutcd 408
iacqqve 199
iafkmub 148
iaoiirg 352
ibwrxei 349
iddaojx 267
idevakp 350
idutgro 330
iecotwu 332
iekhdoi 493
ifkbvbs 308
ifxlicw 414
igqsujo 424
igutubi 29
igxhxgx 500
iialmpe 328
ijkfdck 495
ijlwohq 162
ijuemna 121
ikwnnrm 280
ilwcmir 246
imdwoml 340
imsdfdq 166
inemumj 110
inhwxth 432
inljath 60
ipaxknt 138
ipbmbct 403
ipunrnn 388
ipxfdts 157
iqdmdbr 193
iqfqjml 419
iqgxnva 189
iqsedfc 35
isujssw 312
isxfwms 114
itmpfpu 355
itoanxx 210
iumcqfk 36
iupxfem 327
ivithbd 278
iwcrtgs 293
iwlchew 472
iwpwluh 64
jaujbdl 506
jbvhlpq 252
jcahfbu 106
jcdgfsd 400
jcgkpsn 240
jctfagm 33
jdqkubd 336
jdtxcpp 313
jedjgwu 26
jfbtufj 255
jfohmil 466
jggwwfj 17
jhdoajg 331
jhhthwx 137
jhoogcu 309
jistenu 112
jjcpwqf 499
jjmjaip 140
jjnqoru 489
jjomdrg 189
jkhrmei 375
jkrueqa 188
jlrmwbb 472
jmucnbk 163
jnewamb 149
jnivlej 391
jnohtbj 239
jonjxdt 195
jornami 254
jprwfxt 457
jqcsfqm 381
jqfdtqc 25
jqhqrxd 32
jrfrrmp 14
jsncfts 243
jtiwrrl 484
jufbodd 241
juucbep 28
juultgo 303
jwcvebb 233
jwwpqsx 317
jxcnerk 262
kaccctp 136
katmnpl 58
kbglunu 105
kbvxhlg 12
kcdpidp 276
kdnuvlk 216
kdphjad 408
kdsftas 57
kduhouf 492
kduuite 20
keslmxd 83
kfcbbus 218
kgocslj 218
khslvow 341
kijxrxr 310
kjhodpk 413
kkjdlks 153
kkjsauv 426
kkkbwpj 163
klkckih 210
klpkhqr 158
klxbqql 232
kmbnieo 154
kmghiqu 346
kmxtcud 29
knsbnnx 179
kogbche 378
kpbfpsq 299
kqctkcs 189
krjfncx 24
krkjebf 326
kspjdgm 345
ksvkmfj 393
ktlvexf 338
kuewogg 457
kulnwmx 429
kuplxmk 406
kuskhuc 24
kvdxwrb 236
kvhmqrx 424
kwhowog 240
kwlgtng 35
kwmrjmi 314
laahpsi 461
lahfnju 119
lasdtnf 262
laxxteh 26
lbqhbsu 460
lcambdf 181
lcflgle 407
lcwxgff 94
ldtgdpf 56
lfudadc 281
lfwwmvp 432
lgbewvt 305
lgesbmj 334
lgrcggh 498
lhiaoci 215
lhiarim 55
liijfki 108
ljfgbvv 278
ljxtutx 176
lkmxrgx 298
llocdow 397
lmhexih 384
lmrgxfs 243
lmwnrqt 18
lntsmed 118
lpwwrfp 17
lrkqaka 130
lsfansj 94
lsfkumr 142
ltfvmwt 11
ltnskoe 397
ltvbsub 208
lugwibp 458
luulpbe 277
lvdlmjq 324
lviewsk 130
lvlsbsw 410
lvsejdj 272
lwvpmwt 222
lxclsfg 80
lxssgoa 194
maetajo 270
maraddp 292
maroenp 425
mbinrca 30
mcesotu 114
mcidgej 254
mcjfhgo 445
mcwaolu 422
mdbqtak 394
mdjgckl 410
mdlevtl 83
mdlmger 479
megphpj 152
mehkhfn 509
mejovax 424
mexntsr 17
mgqbuxn 201
micemjt 232
mijwbwk 61
minvcsm 289
misgxph 460
mjjimag 494
mjoisxr 196
mkvtkik 242
mldoakm 35
mngxjhm 491
moltqal 253
mpgsewf 450
mqgsqnk 40
mrtrcix 270
mswrjlw 203
mtkoeah 358
muvqxuv 460
muvslbt 315
mwsdusm 259
mxneuct 308
nadkmql 487
najqcbr 423
nbaamel 165
nbijldh 256
nbumxcx 119
nbvfmrm 321
ncjgaao 373
neabfwf 11
ngmqiiq 118
ngojmpc 502
nhacjpt 167
nhovvdf 470
nhsbvkj 288
nibonll 40
nkatbkd 244
nkimnpb 210
nldqjgb 501
nlrerld 334
nmbksqp 242
nmmgsih 465
nmsxeqs 500
nnrffma 22
nnsvmgs 302
nobkddx 251
noehqpp 216
notikju 93
npfpnqw 123
npgvcrd 467
npmjajg 98
nqkudml 264
nqqdfht 482
nrtnwko 363
nrvihbu 74
nrxjbps 109
nsikeva 208
nsmlgxc 253
ntipdcn 123
ntiwogi 392
ntjeums 177
ntlseuq 367
ntohdjj 316
ntrbeoh 332
nubpciw 281
nuhswov 21
nvakuws 41
nvubode 222
nvwimfn 391
nwsjgjn 291
nxegkfc 215
oacvcls 113
ocluuwd 430
ocrexxs 42
odfdsuq 43
oebefmj 468
oebeuht 325
ofgfbqr 80
ogrkxnj 430
oguhblu 484
oidbwoj 172
oiowifx 286
ojwjvwp 136
okfhwfo 180
okmcahc 315
olaqfao 112
olqinga 316
omirbow 89
omiwaer 153
onifotu 309
oognbik 124
ootsiwg 506
oowljft 55
oqambbq 103
oqeuptq 297
oqfmtbb 307
oqrlxnr 259
orawsrn 329
orhbotu 191
oriixbe 477
orrnevf 107
osrqgjh 339
osxamwt 399
otgklht 391
otgmctw 428
otkowbi 167
ottbstm 101
ovsefxd 222
ovwtqka 187
owjndpj 28
oxguual 52
oxvqmoh 504
pagllcu 75
patdhxa 56
pbfmmtq 49
pbqsami 275
pbsqxsf 173
pcbbmoq 320
pceeujc 249
pdhcqas 214
pdjcrns 498
pdkfhdg 435
pdqmiqa 238
pdwsrfh 278
pdxbilt 174
pdxwwmk 397
peapcek 269
penvlwf 91
pesvxwv 371
pggltxe 148
pgifgim 271
pgobofj 210
phiqnvq 503
piblcbo 97
pifhwex 177
pjnivna 383
pjnxtup 253
pjpknvh 225
pkghhsc 406
pkjivtk 201
plkxpxx 375
plmpujp 346
pmvdpvr 16
pnkuein 321
pnllqhw 224
pnswfle 241
pocvwhv 214
podmhnx 442
pohgtwv 312
pohjlic 438
ppauudl 153
ppmlebs 353
pptfprp 312
prupnhf 283
psqxdks 343
ptcdkpp 213
pticxgm 448
pvmasst 358
pvxfeqa 351
pwoscxk 307
qawdnwg 434
qbhojlh 358
qcnudld 292
qcwmtsm 20
qdogliw 360
qecfhds 190
qerinkp 82
qfnrnoj 162
qfrjmmw 329
qgckbkl 255
qggxheb 53
qhxcexf 412
qiecdug 497
qiigqhk 91
qinoiwu 479
qjwdsrj 118
qmdhske 72
qmjeqnn 184
qmmiepw 68
qmuiokj 461
qnagwiv 192
qpawoef 133
qpcnbjg 447
qpgmamo 473
qpkjjrl 66
qqkeeep 113
qrjsrxd 75
qrlxjud 181
qtrfwcw 145
qtxlflj 85
qudrael 347
qvoueqv 239
qvqphle 448
qvrxdpp 132
qvxlrwu 382
qwjhohw 309
qwmdxtc 157
qwsqiqh 475
qwvsirv 281
raaqsjb 124
raiakkd 330
rbbnbet 150
rbhhgho 426
rbktepr 477
rbmlixx 215
rbuswrn 331
rcogpkx 421
rcseuxf 42
rdefksp 85
rehmhdb 180
remhddd 84
rffmtbd 95
rgeqfsq 63
rgjmmoq 30
rhabpkg 317
rhffgma 439
rjmikqa 92
rjsvogf 141
rkehncm 107
rktbbqp 231
rktmfwc 232
rltlehb 387
rlwrudx 443
rmqxmcr 181
rnjlrec 213
rnpcwui 420
rntffvk 346
rpfxwww 337
rqnhkau 427
rshglqt 363
rspfvtm 323
ruipbng 42
ruvrtgd 12
rvtdifd 50
rwecmft 445
saddlor 288
safmqvx 459
sbgnomn 66
sbjhdvu 495
sbnfbvn 275
scrkhno 184
scwembk 199
sfqceco 264
sgfbgrb 270
sgfrwae 321
sgkhjdr 271
sgsswgu 360
silotit 76
sjqslcl 465
skcvqmn 348
sklpdvo 258
slahaum 282
smdisol 150
snencad 290
sngfslv 205
soapnas 56
sohjmac 414
sopgtmi 120
spgsxsm 150
spjqbvo 390
srerwan 379
suupiil 328
svauueu 30
svvbfaw 379
swneexq 117
sxelvbd 113
sxeviwc 453
sxmmdgw 270
tagnwxi 356
tallixo 468
taofnnp 364
tblofkc 401
tetwbnn 223
tftcvhm 223
tfttanj 207
thohxkq 354
thxxrgf 115
tidffff 134
tiqchvi 370
tiqgqjq 462
tjjdsov 163
tjlshvn 165
tkbpoqx 213
tlnjhgn 212
tltmlxl 332
tmjwupl 181
tmslvgh 460
tncxwbf 33
tnnemxo 415
tnxcese 360
togpqfj 179
toouvdq 327
tpbihel 430
tpocxcf 399
trmmjam 454
trnujkx 23
trxqpsb 153
tsnsqjv 347
tsrgwox 352
tsuthfh 125
ttatbnp 119
ttcflto 408
ttedrph 500
ttmlahm 87
tvhscug 79
tviorfi 143
twahogu 327
twfharn 90
twfpdle 71
twhnerd 58
txbjbwl 50
txxwgmd 111
ualjuqq 315
ubdjprm 475
ubdxcub 198
ubfwbse 258
ubmsavd 242
ubobejt 481
ubqhnwp 297
udbdmiv 226
ugtpusk 211
uihjpot 325
uiqkwlc 484
ujeujsb 487
ujnollq 96
ukoflqg 128
uktkubu 407
ulqrarl 280
umefvga 501
umsjxhk 323
umvivdp 504
unhuiam 107
untewgi 120
uobohgg 308
uokcdhm 330
upaviof 13
upbruci 258
upxtcvb 243
uqtrdhf 332
uqwcfvx 300
uscttoq 197
utautfm 358
uukrpxv 260
uvqbeli 11
uwurale 415
uwxuwrn 107
uxiecgf 447
uxjqnju 397
vachscr 190
vakkqfu 244
vbmxnsf 18
vcaebem 364
vcomkon 458
vctvper 506
vdlpnxm 96
vdpgwmi 361
vdujnkw 185
vdukifx 187
vewlanw 507
vfaggaa 228
vfctgdl 145
vfvdvaw 343
vgdqtlg 285
vhkiukd 250
vhogxdk 50
vhvsjwg 108
viehbgs 187
vigobwq 285
vjpsrsk 376
vjsmqai 179
vjwgsdq 363
vklhaea 221
vlabrov 244
vmoxvjj 292
vnkmmit 462
vqckket 415
vqemtej 509
vqmtnfq 396
vqolces 447
vqpjrgv 303
vqvhjdg 429
vrqilfj 33
vspviwg 425
vtcocwo 404
vtddhle 380
vtjvwdm 115
vvlvvni 490
vvvukvp 114
vwajxlt 369
vwtqwpt 334
vxjatdu 421
vxrhxod 498
wadrddk 326
waduala 153
wavlkhp 78
wbncbfw 59
wesossm 421
wfhjfmm 236
wgitpja 491
wgucgeb 310
whlsxgg 123
wikcfqv 98
wkdwdmo 382
wkibogo 136
wknaowa 471
wlcljam 222
wlxccmb 242
wmbjvtu 483
wmfojes 125
wmsivvx 60
wogwtxm 479
wokgkap 442
wonxutg 224
wptdopu 177
wqibuul 502
wrxsbxq 239
wsvibct 36
wtceatq 415
wtdqope 64
wubovhf 109
wvblpmp 318
wvidiwr 243
wvvpxmo 461
wwbkeln 32
wwqslaq 85
wwvnxuk 384
wxgswtk 190
wxrasrh 193
xacxtdp 468
xaflpkm 236
xajivws 184
xajjbki 187
xbvwjuk 137
xcabhtb 343
xdxhcjj 179
xedxprr 276
xewibin 470
xexawwx 371
xgbuijv 492
xgimers 250
xgtpobk 318
xhcrtsf 361
xhepvue 79
xhwfuof 152
xidpofb 463
xijrajq 74
xjfgoea 241
xjsvojx 76
xlefbec 77
xlilbdp 25
xltttjg 416
xlununb 339
xlwldjn 59
xnhoiim 164
xotqgmv 18
xqarulc 352
xqmuegm 203
xqvmpac 208
xsdcwcu 365
xsgtkex 162
xsvotte 229
xtlivup 312
xuusfgn 269
xveshja 160
xwrtaaj 332
xwucjcb 204
xxtghwd 503
